Arguments: 
  C:\Program Files\nodejs\node.exe C:\Users\luizz\AppData\Roaming\npm\node_modules\yarn\bin\yarn.js add node-sass

PATH: 
  C:\Windows\system32;C:\Windows;C:\Windows\System32\Wbem;C:\Windows\System32\WindowsPowerShell\v1.0\;C:\Windows\System32\OpenSSH\;C:\Program Files\dotnet\;C:\Program Files\nodejs\;C:\ProgramData\chocolatey\bin;C:\Users\luizz\AppData\Local\Microsoft\WindowsApps;;C:\Users\luizz\AppData\Local\Programs\Microsoft VS Code\bin;C:\Users\luizz\AppData\Roaming\npm

Yarn version: 
  1.22.19

Node version: 
  20.9.0

Platform: 
  win32 x64

Trace: 
  Error: EBUSY: resource busy or locked, unlink 'C:\Users\luizz\OneDrive\Documents\Personal Project\Website\portfolio-website\node_modules\jest-jasmine2\build\jasmineAsyncInstall.js'

npm manifest: 
  {
    "name": "portfolio-website",
    "version": "0.1.0",
    "private": true,
    "dependencies": {
      "@emailjs/browser": "^3.11.0",
      "@fortawesome/free-solid-svg-icons": "^6.4.2",
      "@fortawesome/react-fontawesome": "^0.2.0",
      "@testing-library/jest-dom": "^5.17.0",
      "@testing-library/react": "^13.4.0",
      "@testing-library/user-event": "^13.5.0",
      "animate.css": "^4.1.1",
      "gsap-trial": "^3.12.2",
      "loaders.css": "^0.1.2",
      "react": "^18.2.0",
      "react-dom": "^18.2.0",
      "react-leaflet": "^4.2.1",
      "react-loaders": "^3.0.1",
      "react-router-dom": "^6.18.0",
      "react-scripts": "5.0.1",
      "sass": "^1.69.5",
      "web-vitals": "^2.1.4"
    },
    "scripts": {
      "start": "react-scripts start",
      "build": "react-scripts build",
      "test": "react-scripts test",
      "eject": "react-scripts eject"
    },
    "eslintConfig": {
      "extends": [
        "react-app",
        "react-app/jest"
      ]
    },
    "browserslist": {
      "production": [
        ">0.2%",
        "not dead",
        "not op_mini all"
      ],
      "development": [
        "last 1 chrome version",
        "last 1 firefox version",
        "last 1 safari version"
      ]
    },
    "description": "This project was bootstrapped with [Create React App](https://github.com/facebook/create-react-app).",
    "main": "index.js",
    "keywords": [],
    "author": "",
    "license": "ISC"
  }

yarn manifest: 
  No manifest

Lockfile: 
  No lockfile
